<?xml version="1.0" encoding="UTF-8"?>
<testsuite xmlns:xsi="http://www.w3.org/2001/XMLSchema-instance" xsi:noNamespaceSchemaLocation="https://maven.apache.org/surefire/maven-surefire-plugin/xsd/surefire-test-report-3.0.xsd" version="3.0" name="demo.BPlusTreeDemoTest" time="2.93" tests="1" errors="0" skipped="0" failures="0">
  <properties>
[...]
</properties>
  <testcase name="demoWith100Rows" classname="demo.BPlusTreeDemoTest" time="2.916">
    <system-out><![CDATA[=== 建表 + 插入 100 行 ===
2026-05-28 19:12:25 [main] edu.sustech.cs307.logicalOperator.ddl.CreateTableExecutor.execute()
INFO: Successfully created table: big
  -> 1 row(s)
  -> 1 row(s)
  -> 1 row(s)
  -> 1 row(s)
  -> 1 row(s)
  -> 1 row(s)
  -> 1 row(s)
  -> 1 row(s)
  -> 1 row(s)
  -> 1 row(s)
  -> 1 row(s)
  -> 1 row(s)
  -> 1 row(s)
  -> 1 row(s)
  -> 1 row(s)
  -> 1 row(s)
  -> 1 row(s)
  -> 1 row(s)
  -> 1 row(s)
  -> 1 row(s)
  -> 1 row(s)
  -> 1 row(s)
  -> 1 row(s)
  -> 1 row(s)
  -> 1 row(s)
  -> 1 row(s)
  -> 1 row(s)
  -> 1 row(s)
  -> 1 row(s)
  -> 1 row(s)
  -> 1 row(s)
  -> 1 row(s)
  -> 1 row(s)
  -> 1 row(s)
  -> 1 row(s)
  -> 1 row(s)
  -> 1 row(s)
  -> 1 row(s)
  -> 1 row(s)
  -> 1 row(s)
  -> 1 row(s)
  -> 1 row(s)
  -> 1 row(s)
  -> 1 row(s)
  -> 1 row(s)
  -> 1 row(s)
  -> 1 row(s)
  -> 1 row(s)
  -> 1 row(s)
  -> 1 row(s)
  -> 1 row(s)
  -> 1 row(s)
  -> 1 row(s)
  -> 1 row(s)
  -> 1 row(s)
  -> 1 row(s)
  -> 1 row(s)
  -> 1 row(s)
  -> 1 row(s)
  -> 1 row(s)
  -> 1 row(s)
  -> 1 row(s)
  -> 1 row(s)
  -> 1 row(s)
  -> 1 row(s)
  -> 1 row(s)
  -> 1 row(s)
  -> 1 row(s)
  -> 1 row(s)
  -> 1 row(s)
  -> 1 row(s)
  -> 1 row(s)
  -> 1 row(s)
  -> 1 row(s)
  -> 1 row(s)
  -> 1 row(s)
  -> 1 row(s)
  -> 1 row(s)
  -> 1 row(s)
  -> 1 row(s)
  -> 1 row(s)
  -> 1 row(s)
  -> 1 row(s)
  -> 1 row(s)
  -> 1 row(s)
  -> 1 row(s)
  -> 1 row(s)
  -> 1 row(s)
  -> 1 row(s)
  -> 1 row(s)
  -> 1 row(s)
  -> 1 row(s)
  -> 1 row(s)
  -> 1 row(s)
  -> 1 row(s)
  -> 1 row(s)
  -> 1 row(s)
  -> 1 row(s)
  -> 1 row(s)
  -> 1 row(s)
100 rows inserted.

=== 无索引: explain ===
2026-05-28 19:12:28 [main] edu.sustech.cs307.logicalOperator.ddl.ExplainExecutor.execute()
INFO: ProjectOperator(selectItems=[*])
└── LogicalFilterOperator(condition=big.score = 50)
        └── TableScanOperator(table=big)
Physical op: ProjectOperator

=== CREATE INDEX ===
2026-05-28 19:12:28 [main] edu.sustech.cs307.system.DBManager.createIndex()
INFO: Index 'idx_score' created on big(score)
2026-05-28 19:12:28 [main] edu.sustech.cs307.system.DBManager.createIndex()
INFO: 
=== B+ Tree (order=4) ===
Depth 0: [60] 
Depth 1: [23, 43] [87] 
Depth 2: [9, 16] [33] [53] [70, 76, 83] [97] 
Depth 3: [2, 4, 6] [12] [19, 21] [26, 29, 31] [36, 39, 41] [46, 48, 50] [56, 58] [63, 66, 68] [73] [78, 80] [85] [90, 93, 95] [99] 
Depth 4: [0, 1] [2, 3] [4, 5] [6, 7, 8] [9, 10, 11] [12, 14, 15] [16, 17, 18] [19, 20] [21, 22] [23, 24, 25] [26, 27, 28] [29, 30] [31, 32] [33, 34, 35] [36, 37, 38] [39, 40] [41, 42] [43, 44, 45] [46, 47] [48, 49] [50, 51, 52] [53, 54, 55] [56, 57] [58, 59] [60, 61, 62] [63, 64, 65] [66, 67] [68, 69] [70, 71, 72] [73, 74, 75] [76, 77] [78, 79] [80, 81, 82] [83, 84] [85, 86] [87, 88, 89] [90, 91, 92] [93, 94] [95, 96] [97, 98] [99, 100] 

Leaf chain:
  LeafNode[0→edu.sustech.cs307.record.RID@58fb7731, 1→edu.sustech.cs307.record.RID@13e547a9]→next
  LeafNode[2→edu.sustech.cs307.record.RID@3fb6cf60, 3→edu.sustech.cs307.record.RID@37ddb69a]→next
  LeafNode[4→edu.sustech.cs307.record.RID@349c1daf, 5→edu.sustech.cs307.record.RID@dfddc9a]→next
  LeafNode[6→edu.sustech.cs307.record.RID@4b9df8a, 7→edu.sustech.cs307.record.RID@5e8ac0e1, 8→edu.sustech.cs307.record.RID@aafcffa]→next
  LeafNode[9→edu.sustech.cs307.record.RID@6955cb39, 10→edu.sustech.cs307.record.RID@235a0c16, 11→edu.sustech.cs307.record.RID@2b5f4d54]→next
  LeafNode[12→edu.sustech.cs307.record.RID@5f7b97da, 14→edu.sustech.cs307.record.RID@18b0930f, 15→edu.sustech.cs307.record.RID@6b7906b3]→next
  LeafNode[16→edu.sustech.cs307.record.RID@3a1dd365, 17→edu.sustech.cs307.record.RID@395b56bb, 18→edu.sustech.cs307.record.RID@256f8274]→next
  LeafNode[19→edu.sustech.cs307.record.RID@68044f4, 20→edu.sustech.cs307.record.RID@52d239ba]→next
  LeafNode[21→edu.sustech.cs307.record.RID@315f43d5, 22→edu.sustech.cs307.record.RID@68fa0ba8]→next
  LeafNode[23→edu.sustech.cs307.record.RID@6c5945a7, 24→edu.sustech.cs307.record.RID@2f05be7f, 25→edu.sustech.cs307.record.RID@640f11a1]→next
  LeafNode[26→edu.sustech.cs307.record.RID@5c10f1c3, 27→edu.sustech.cs307.record.RID@7ac2e39b, 28→edu.sustech.cs307.record.RID@78365cfa]→next
  LeafNode[29→edu.sustech.cs307.record.RID@64a8c844, 30→edu.sustech.cs307.record.RID@3f6db3fb]→next
  LeafNode[31→edu.sustech.cs307.record.RID@52de51b6, 32→edu.sustech.cs307.record.RID@18c5069b]→next
  LeafNode[33→edu.sustech.cs307.record.RID@3a0d172f, 34→edu.sustech.cs307.record.RID@68ad99fe, 35→edu.sustech.cs307.record.RID@485e36bc]→next
  LeafNode[36→edu.sustech.cs307.record.RID@781f10f2, 37→edu.sustech.cs307.record.RID@2a79d4b1, 38→edu.sustech.cs307.record.RID@2e9fda69]→next
  LeafNode[39→edu.sustech.cs307.record.RID@17cdf2d0, 40→edu.sustech.cs307.record.RID@1755e85b]→next
  LeafNode[41→edu.sustech.cs307.record.RID@736d6a5c, 42→edu.sustech.cs307.record.RID@2371aaca]→next
  LeafNode[43→edu.sustech.cs307.record.RID@5b529706, 44→edu.sustech.cs307.record.RID@63fdab07, 45→edu.sustech.cs307.record.RID@7b5a12ae]→next
  LeafNode[46→edu.sustech.cs307.record.RID@5553d0f5, 47→edu.sustech.cs307.record.RID@1af687fe]→next
  LeafNode[48→edu.sustech.cs307.record.RID@14dda234, 49→edu.sustech.cs307.record.RID@3f390d63]→next
  LeafNode[50→edu.sustech.cs307.record.RID@74a6a609, 51→edu.sustech.cs307.record.RID@5a411614, 52→edu.sustech.cs307.record.RID@2374d36a]→next
  LeafNode[53→edu.sustech.cs307.record.RID@54d18072, 54→edu.sustech.cs307.record.RID@1506f20f, 55→edu.sustech.cs307.record.RID@47a5b70d]→next
  LeafNode[56→edu.sustech.cs307.record.RID@424fd310, 57→edu.sustech.cs307.record.RID@1a45193b]→next
  LeafNode[58→edu.sustech.cs307.record.RID@38f116f6, 59→edu.sustech.cs307.record.RID@5286c33a]→next
  LeafNode[60→edu.sustech.cs307.record.RID@6e6d5d29, 61→edu.sustech.cs307.record.RID@5c530d1e, 62→edu.sustech.cs307.record.RID@6c25e6c4]→next
  LeafNode[63→edu.sustech.cs307.record.RID@85e6769, 64→edu.sustech.cs307.record.RID@c5ee75e, 65→edu.sustech.cs307.record.RID@48a12036]→next
  LeafNode[66→edu.sustech.cs307.record.RID@bf1ec20, 67→edu.sustech.cs307.record.RID@70efb718]→next
  LeafNode[68→edu.sustech.cs307.record.RID@b70da4c, 69→edu.sustech.cs307.record.RID@4a11eb84]→next
  LeafNode[70→edu.sustech.cs307.record.RID@4e858e0a, 71→edu.sustech.cs307.record.RID@435fb7b5, 72→edu.sustech.cs307.record.RID@4e70a728]→next
  LeafNode[73→edu.sustech.cs307.record.RID@b7838a9, 74→edu.sustech.cs307.record.RID@696f0212, 75→edu.sustech.cs307.record.RID@5733f295]→next
  LeafNode[76→edu.sustech.cs307.record.RID@1c3146bc, 77→edu.sustech.cs307.record.RID@56c698e3]→next
  LeafNode[78→edu.sustech.cs307.record.RID@47a86fbb, 79→edu.sustech.cs307.record.RID@f478a81]→next
  LeafNode[80→edu.sustech.cs307.record.RID@19553973, 81→edu.sustech.cs307.record.RID@7bb6ab3a, 82→edu.sustech.cs307.record.RID@7fe7c640]→next
  LeafNode[83→edu.sustech.cs307.record.RID@4c4748bf, 84→edu.sustech.cs307.record.RID@7ce97ee5]→next
  LeafNode[85→edu.sustech.cs307.record.RID@32c8e539, 86→edu.sustech.cs307.record.RID@73dce0e6]→next
  LeafNode[87→edu.sustech.cs307.record.RID@5a85c92, 88→edu.sustech.cs307.record.RID@32811494, 89→edu.sustech.cs307.record.RID@4795ded0]→next
  LeafNode[90→edu.sustech.cs307.record.RID@53dacd14, 91→edu.sustech.cs307.record.RID@14d14731, 92→edu.sustech.cs307.record.RID@2eced48b]→next
  LeafNode[93→edu.sustech.cs307.record.RID@47c4ecdc, 94→edu.sustech.cs307.record.RID@42f33b5d]→next
  LeafNode[95→edu.sustech.cs307.record.RID@5c8504fd, 96→edu.sustech.cs307.record.RID@4b7e96a]→next
  LeafNode[97→edu.sustech.cs307.record.RID@6475472c, 98→edu.sustech.cs307.record.RID@3f07b12c]→next
  LeafNode[99→edu.sustech.cs307.record.RID@4bd1f8dd, 100→edu.sustech.cs307.record.RID@7096b474]→null

Indexes in DBManager: [big.idx_score]

=== 有索引: explain ===
2026-05-28 19:12:28 [main] edu.sustech.cs307.logicalOperator.ddl.ExplainExecutor.execute()
INFO: ProjectOperator(selectItems=[*])
└── LogicalFilterOperator(condition=big.score = 50)
        └── TableScanOperator(table=big)
Physical op: ProjectOperator

=== 范围查询 ===
  -> 10 row(s)
=== 第二个索引 ===
2026-05-28 19:12:28 [main] edu.sustech.cs307.system.DBManager.createIndex()
INFO: Index 'idx_id' created on big(id)
2026-05-28 19:12:28 [main] edu.sustech.cs307.system.DBManager.createIndex()
INFO: 
=== B+ Tree (order=4) ===
Depth 0: [55] 
Depth 1: [19, 37] [73, 91] 
Depth 2: [7, 13] [25, 31] [43, 49] [61, 67] [79, 85] [97] 
Depth 3: [3, 5] [9, 11] [15, 17] [21, 23] [27, 29] [33, 35] [39, 41] [45, 47] [51, 53] [57, 59] [63, 65] [69, 71] [75, 77] [81, 83] [87, 89] [93, 95] [99] 
Depth 4: [1, 2] [3, 4] [5, 6] [7, 8] [9, 10] [11, 12] [13, 14] [15, 16] [17, 18] [19, 20] [21, 22] [23, 24] [25, 26] [27, 28] [29, 30] [31, 32] [33, 34] [35, 36] [37, 38] [39, 40] [41, 42] [43, 44] [45, 46] [47, 48] [49, 50] [51, 52] [53, 54] [55, 56] [57, 58] [59, 60] [61, 62] [63, 64] [65, 66] [67, 68] [69, 70] [71, 72] [73, 74] [75, 76] [77, 78] [79, 80] [81, 82] [83, 84] [85, 86] [87, 88] [89, 90] [91, 92] [93, 94] [95, 96] [97, 98] [99, 100] 

Leaf chain:
  LeafNode[1→edu.sustech.cs307.record.RID@62f68dff, 2→edu.sustech.cs307.record.RID@f001896]→next
  LeafNode[3→edu.sustech.cs307.record.RID@13f17eb4, 4→edu.sustech.cs307.record.RID@1d0d6318]→next
  LeafNode[5→edu.sustech.cs307.record.RID@4bc28c33, 6→edu.sustech.cs307.record.RID@4409e975]→next
  LeafNode[7→edu.sustech.cs307.record.RID@5c153b9e, 8→edu.sustech.cs307.record.RID@2a7686a7]→next
  LeafNode[9→edu.sustech.cs307.record.RID@758a34ce, 10→edu.sustech.cs307.record.RID@7ec3394b]→next
  LeafNode[11→edu.sustech.cs307.record.RID@bff34c6, 12→edu.sustech.cs307.record.RID@1522d8a0]→next
  LeafNode[13→edu.sustech.cs307.record.RID@312ab28e, 14→edu.sustech.cs307.record.RID@5644dc81]→next
  LeafNode[15→edu.sustech.cs307.record.RID@246f8b8b, 16→edu.sustech.cs307.record.RID@278bb07e]→next
  LeafNode[17→edu.sustech.cs307.record.RID@4351c8c3, 18→edu.sustech.cs307.record.RID@3381b4fc]→next
  LeafNode[19→edu.sustech.cs307.record.RID@6bea52d4, 20→edu.sustech.cs307.record.RID@11981797]→next
  LeafNode[21→edu.sustech.cs307.record.RID@5c42d2b7, 22→edu.sustech.cs307.record.RID@625abb97]→next
  LeafNode[23→edu.sustech.cs307.record.RID@5b1f29fa, 24→edu.sustech.cs307.record.RID@aeab9a1]→next
  LeafNode[25→edu.sustech.cs307.record.RID@40f70521, 26→edu.sustech.cs307.record.RID@774698ab]→next
  LeafNode[27→edu.sustech.cs307.record.RID@55342f40, 28→edu.sustech.cs307.record.RID@a4ca3f6]→next
  LeafNode[29→edu.sustech.cs307.record.RID@72ea6193, 30→edu.sustech.cs307.record.RID@31aa3ca5]→next
  LeafNode[31→edu.sustech.cs307.record.RID@45905bff, 32→edu.sustech.cs307.record.RID@2a2c13a8]→next
  LeafNode[33→edu.sustech.cs307.record.RID@b6b1987, 34→edu.sustech.cs307.record.RID@6b44435b]→next
  LeafNode[35→edu.sustech.cs307.record.RID@2ccca26f, 36→edu.sustech.cs307.record.RID@66b7550d]→next
  LeafNode[37→edu.sustech.cs307.record.RID@3543df7d, 38→edu.sustech.cs307.record.RID@7c541c15]→next
  LeafNode[39→edu.sustech.cs307.record.RID@3542162a, 40→edu.sustech.cs307.record.RID@698122b2]→next
  LeafNode[41→edu.sustech.cs307.record.RID@4212a0c8, 42→edu.sustech.cs307.record.RID@1e7aa82b]→next
  LeafNode[43→edu.sustech.cs307.record.RID@3b2c0e88, 44→edu.sustech.cs307.record.RID@5bd82fed]→next
  LeafNode[45→edu.sustech.cs307.record.RID@c1bd0be, 46→edu.sustech.cs307.record.RID@476b0ae6]→next
  LeafNode[47→edu.sustech.cs307.record.RID@1c6804cd, 48→edu.sustech.cs307.record.RID@655f7ea]→next
  LeafNode[49→edu.sustech.cs307.record.RID@549949be, 50→edu.sustech.cs307.record.RID@4b3a45f1]→next
  LeafNode[51→edu.sustech.cs307.record.RID@17a87e37, 52→edu.sustech.cs307.record.RID@3eeb318f]→next
  LeafNode[53→edu.sustech.cs307.record.RID@20a14b55, 54→edu.sustech.cs307.record.RID@39ad977d]→next
  LeafNode[55→edu.sustech.cs307.record.RID@6da00fb9, 56→edu.sustech.cs307.record.RID@a202ccb]→next
  LeafNode[57→edu.sustech.cs307.record.RID@20f12539, 58→edu.sustech.cs307.record.RID@75b25825]→next
  LeafNode[59→edu.sustech.cs307.record.RID@18025ced, 60→edu.sustech.cs307.record.RID@13cf7d52]→next
  LeafNode[61→edu.sustech.cs307.record.RID@3a3e4aff, 62→edu.sustech.cs307.record.RID@5d2a4eed]→next
  LeafNode[63→edu.sustech.cs307.record.RID@57459491, 64→edu.sustech.cs307.record.RID@3f0846c6]→next
  LeafNode[65→edu.sustech.cs307.record.RID@77a98a6a, 66→edu.sustech.cs307.record.RID@78fbff54]→next
  LeafNode[67→edu.sustech.cs307.record.RID@3e10dc6, 68→edu.sustech.cs307.record.RID@7e22550a]→next
  LeafNode[69→edu.sustech.cs307.record.RID@45e37a7e, 70→edu.sustech.cs307.record.RID@62452cc9]→next
  LeafNode[71→edu.sustech.cs307.record.RID@6941827a, 72→edu.sustech.cs307.record.RID@5a7005d]→next
  LeafNode[73→edu.sustech.cs307.record.RID@5bc9ba1d, 74→edu.sustech.cs307.record.RID@1021f6c9]→next
  LeafNode[75→edu.sustech.cs307.record.RID@7516e4e5, 76→edu.sustech.cs307.record.RID@488eb7f2]→next
  LeafNode[77→edu.sustech.cs307.record.RID@5e81e5ac, 78→edu.sustech.cs307.record.RID@4189d70b]→next
  LeafNode[79→edu.sustech.cs307.record.RID@3fa2213, 80→edu.sustech.cs307.record.RID@3e7634b9]→next
  LeafNode[81→edu.sustech.cs307.record.RID@6f0b0a5e, 82→edu.sustech.cs307.record.RID@6035b93b]→next
  LeafNode[83→edu.sustech.cs307.record.RID@320de594, 84→edu.sustech.cs307.record.RID@3dd1dc90]→next
  LeafNode[85→edu.sustech.cs307.record.RID@abf688e, 86→edu.sustech.cs307.record.RID@478ee483]→next
  LeafNode[87→edu.sustech.cs307.record.RID@1a7288a3, 88→edu.sustech.cs307.record.RID@2974f221]→next
  LeafNode[89→edu.sustech.cs307.record.RID@58fe0499, 90→edu.sustech.cs307.record.RID@686449f9]→next
  LeafNode[91→edu.sustech.cs307.record.RID@665df3c6, 92→edu.sustech.cs307.record.RID@68b6f0d6]→next
  LeafNode[93→edu.sustech.cs307.record.RID@4044fb95, 94→edu.sustech.cs307.record.RID@aa549e5]→next
  LeafNode[95→edu.sustech.cs307.record.RID@36f48b4, 96→edu.sustech.cs307.record.RID@5c00384f]→next
  LeafNode[97→edu.sustech.cs307.record.RID@3b7ff809, 98→edu.sustech.cs307.record.RID@1bb564e2]→next
  LeafNode[99→edu.sustech.cs307.record.RID@62e6b5c8, 100→edu.sustech.cs307.record.RID@3f792b9b]→null

Physics op (score): ProjectOperator
Physics op (id): ProjectOperator

=== ALL DONE ===
]]></system-out>
  </testcase>
</testsuite>